2026-01-10T03:32:42 | touched: src/lib.rs
2025-05-20T04:36:08 | touched: src/main.rs
2025-02-28T19:46:29 | touched: Cargo.toml
2025-11-28T16:44:29 | touched: src/lib.rs
2026-01-13T02:50:58 | touched: src/main.rs
2026-01-22T12:52:10 | touched: LICENSE
2025-05-31T05:16:27 | touched: src/lib.rs
2024-09-08T19:06:38 | touched: README.md
2025-03-06T21:30:49 | touched: Cargo.toml
2024-04-05T21:47:10 | touched: README.md
2026-01-18T14:43:23 | touched: src/main.rs
2026-01-15T07:35:50 | touched: LICENSE
2024-03-08T17:54:38 | touched: README.md
2024-03-14T09:09:26 | touched: Cargo.toml
2024-07-05T18:10:09 | touched: README.md
2024-09-25T18:12:57 | touched: LICENSE
2025-12-11T02:26:12 | touched: README.md
2024-12-26T04:10:35 | touched: Cargo.toml
2025-02-21T21:01:48 | touched: LICENSE
2026-01-17T08:05:50 | touched: src/lib.rs
2024-12-27T17:42:41 | touched: src/main.rs
2026-01-01T14:35:43 | touched: LICENSE
2025-05-11T03:46:52 | touched: README.md
2025-04-30T03:22:16 | touched: LICENSE
2025-02-27T07:04:51 | touched: README.md
2025-10-27T11:43:03 | touched: LICENSE
2025-08-31T20:43:32 | touched: LICENSE
2025-04-19T01:21:06 | touched: README.md
2025-02-18T23:03:14 | touched: LICENSE
2025-08-26T17:33:33 | touched: Cargo.toml
2025-01-15T10:21:09 | touched: Cargo.toml
2025-05-26T05:27:29 | touched: Cargo.toml
2025-11-24T05:36:32 | touched: README.md
2025-02-26T06:44:18 | touched: src/lib.rs
2025-06-28T14:14:45 | touched: LICENSE
2025-08-08T11:55:29 | touched: LICENSE
2025-02-03T22:55:32 | touched: src/main.rs
2025-11-08T01:28:55 | touched: README.md
2025-11-08T12:40:44 | touched: Cargo.toml
2025-09-17T08:23:35 | touched: src/lib.rs
